<?xml version="1.0" encoding="UTF-8"?>
<!-- Generated by org.testng.reporters.JUnitReportReporter -->
<testsuite hostname="DESKTOP-0BKCJVS" failures="0" tests="1" name="com.iftas.pageTest.GetDdir" time="0.019" errors="0" timestamp="07 Dec 2021 07:26:21 GMT" skipped="0">
  <testcase classname="com.iftas.pageTest.GetDdir" name="getDir" time="0.019"/>
</testsuite> <!-- com.iftas.pageTest.GetDdir -->
