<?xml version="1.0" encoding="UTF-8"?>
<!-- Generated by org.testng.reporters.JUnitReportReporter -->
<testsuite hostname="DESKTOP-0BKCJVS" failures="0" tests="2" name="com.iftas.pageTest.SeleniumDocker" time="33.079" errors="0" timestamp="23 Nov 2021 10:17:28 GMT" skipped="0">
  <testcase classname="com.iftas.pageTest.SeleniumDocker" name="simpleTest" time="2.279"/>
  <testcase classname="com.iftas.pageTest.SeleniumDocker" name="testCheckBox" time="30.800"/>
</testsuite> <!-- com.iftas.pageTest.SeleniumDocker -->
