<?xml version="1.0" encoding="UTF-8"?>
<!-- Generated by org.testng.reporters.JUnitReportReporter -->
<testsuite hostname="DESKTOP-0BKCJVS" failures="0" tests="1" name="com.iftas.pageTest.SampleConnectGrid" time="4.005" errors="0" timestamp="23 Nov 2021 10:17:28 GMT" skipped="0">
  <testcase classname="com.iftas.pageTest.SampleConnectGrid" name="f" time="4.005"/>
</testsuite> <!-- com.iftas.pageTest.SampleConnectGrid -->
