<?xml version="1.0" encoding="UTF-8"?>
<!-- Generated by org.testng.reporters.JUnitReportReporter -->
<testsuite hostname="DESKTOP-0BKCJVS" failures="0" tests="1" name="com.iftas.pageTest.CurrentDir" time="0.015" errors="0" timestamp="07 Dec 2021 07:17:16 GMT" skipped="0">
  <testcase classname="com.iftas.pageTest.CurrentDir" name="getcurrentDir" time="0.015"/>
</testsuite> <!-- com.iftas.pageTest.CurrentDir -->
